<?xml version="1.0" encoding="UTF-8"?>
<!-- Generated by org.testng.reporters.JUnitXMLReporter -->
<testsuite ignored="2" hostname="VN-TanTranDinh2" failures="0" tests="53" name="Run on CHROME" time="38.829" errors="0" timestamp="2023-08-21T17:03:37 ICT">
  <testcase classname="com.bankguru.account.NewCustomer" name="NC1_CustomerName_Is_Blank" time="1.178"/>
  <testcase classname="com.bankguru.account.NewCustomer" name="NC2_CustomerName_Is_Number" time="0.239"/>
  <testcase classname="com.bankguru.account.NewCustomer" name="NC3_CustomerName_Is_Character" time="0.234"/>
  <testcase classname="com.bankguru.account.NewCustomer" name="NC4_CustomerName_Is_First_Blank_Space" time="0.245"/>
  <testcase classname="com.bankguru.account.NewCustomer" name="NC5_Address_Is_Blank_Space" time="0.274"/>
  <testcase classname="com.bankguru.account.NewCustomer" name="NC6_Address_Is_First_Blank_Space" time="0.23"/>
  <testcase classname="com.bankguru.account.NewCustomer" name="NC8_City_Is_First_Blank_Space" time="0.248"/>
  <testcase classname="com.bankguru.account.NewCustomer" name="NC9_City_Is_Numeric" time="0.217"/>
  <testcase classname="com.bankguru.account.NewCustomer" name="NC10_City_Is_Special_Character" time="0.232"/>
  <testcase classname="com.bankguru.account.NewCustomer" name="NC11_City_Is_First_Blank_Space" time="0.228"/>
  <testcase classname="com.bankguru.account.NewCustomer" name="NC12_State_Is_Empty" time="0.262"/>
  <testcase classname="com.bankguru.account.NewCustomer" name="NC13_State_Is_Numeric" time="0.282"/>
  <testcase classname="com.bankguru.account.NewCustomer" name="NC14_State_Is_Special" time="0.232"/>
  <testcase classname="com.bankguru.account.NewCustomer" name="NC15_City_Is_First_Blank_Space" time="0.217"/>
  <testcase classname="com.bankguru.account.NewCustomer" name="NC16_Pin_Is_Empty" time="0.274"/>
  <testcase classname="com.bankguru.account.NewCustomer" name="NC17_Pin_Is_Numeric" time="0.215"/>
  <testcase classname="com.bankguru.account.NewCustomer" name="NC18_PIN_Must_Have_6_Digits" time="0.226"/>
  <testcase classname="com.bankguru.account.NewCustomer" name="NC19_PIN_Cannot_Have_Special" time="0.213"/>
  <testcase classname="com.bankguru.account.NewCustomer" name="NC20_Pin_Have_First_Blank_Space" time="0.216"/>
  <testcase classname="com.bankguru.account.NewCustomer" name="NC21_Pin_Have_Blank_Space" time="0.183"/>
  <testcase classname="com.bankguru.account.NewCustomer" name="NC22_Telephone_Is_Empty" time="0.26"/>
  <testcase classname="com.bankguru.account.NewCustomer" name="NC23_Telephone_first_character_is_blank" time="0.229"/>
  <testcase classname="com.bankguru.account.NewCustomer" name="NC24_Telephone_is_include_blank_space" time="0.218"/>
  <testcase classname="com.bankguru.account.NewCustomer" name="NC25_Telephone_is_special_character" time="0.223"/>
  <testcase classname="com.bankguru.account.NewCustomer" name="NC26_Email_is_Empty" time="0.263"/>
  <testcase classname="com.bankguru.account.NewCustomer" name="NC27_Email_Is_Incorrect_Format" time="0.216"/>
  <testcase classname="com.bankguru.account.NewCustomer" name="NC29_Email_Have_Space" time="0.218"/>
  <testcase classname="com.bankguru.account.NewCustomer" name="NC30_Verify_All_Field_Required" time="0.243"/>
  <testcase classname="com.bankguru.account.NewCustomer" name="NC_31_Add_New_Customer" time="2.731"/>
  <testcase classname="com.bankguru.account.EditCustomer" name="EC_01_CustomerID_Cannot_Empty" time="1.216"/>
  <testcase classname="com.bankguru.account.EditCustomer" name="EC_02_Must_Be_Numeric" time="0.228"/>
  <testcase classname="com.bankguru.account.EditCustomer" name="EC_03_Customer_ID_Have_Special_Character" time="0.243"/>
  <testcase classname="com.bankguru.account.EditCustomer" name="EC_04_Customer_ID_Valid" time="1.09"/>
  <testcase classname="com.bankguru.account.EditCustomer" name="EC_05_Address_Cannot_Be_Empty" time="0.491"/>
  <testcase classname="com.bankguru.account.EditCustomer" name="EC_06_City_Cannot_Be_Empty" time="0.261"/>
  <testcase classname="com.bankguru.account.EditCustomer" name="EC_07_City_Cannot_Be_Numeric" time="0.204"/>
  <testcase classname="com.bankguru.account.EditCustomer" name="EC_08_City_Cannot_Be_Special_Character" time="0.232"/>
  <testcase classname="com.bankguru.account.EditCustomer" name="EC_09_State_Cannot_Be_Empty" time="0.273"/>
  <testcase classname="com.bankguru.account.EditCustomer" name="EC_10_State_Cannot_Be_Numeric" time="0.213"/>
  <testcase classname="com.bankguru.account.EditCustomer" name="EC_11_State_Cannot_Be_Special_Character" time="0.228"/>
  <testcase classname="com.bankguru.account.EditCustomer" name="EC_12_PIN_Cannot_Be_Empty" time="0.248"/>
  <testcase classname="com.bankguru.account.EditCustomer" name="EC_13_PIN_Must_Be_Numeric" time="0.217"/>
  <testcase classname="com.bankguru.account.EditCustomer" name="EC_14_PIN_Cannot_Be_Special_Character" time="0.216"/>
  <testcase classname="com.bankguru.account.EditCustomer" name="EC_15_PIN_Must_Have_6_Digits" time="0.201"/>
  <testcase classname="com.bankguru.account.EditCustomer" name="EC_16_TelePhone_Cannot_Be_Special_Character" time="0.216"/>
  <testcase classname="com.bankguru.account.EditCustomer" name="EC_17_TelePhone_Cannot_Be_Empty" time="0.203"/>
  <testcase classname="com.bankguru.account.EditCustomer" name="EC_18_Email_Not_Be_Empty" time="0.247"/>
  <testcase classname="com.bankguru.account.EditCustomer" name="EC_19_Email_invalid_format" time="0.2"/>
  <testcase classname="com.bankguru.account.DeleteCustomer" name="DC01_CustomerID_CannotBe_Empty" time="1.218"/>
  <testcase classname="com.bankguru.account.DeleteCustomer" name="DC02_CustomerID_Must_Be_Numeric" time="0.217"/>
  <testcase classname="com.bankguru.account.DeleteCustomer" name="DC03_CustomerID_Have_Character_Special" time="0.229"/>
  <testcase classname="com.bankguru.account.DeleteCustomer" name="DC04_CustomerID_Have_Blank_Space" time="0.197"/>
  <testcase classname="com.bankguru.account.DeleteCustomer" name="DC05_CustomerID_First_Character_Not_Have_Blank_Space" time="0.198"/>
  <testcase classname="commons.BaseTest" name="@BeforeSuite initAllureReport" time="0.0">
    <ignored/>
  </testcase> <!-- @BeforeSuite initAllureReport -->
  <testcase classname="commons.BaseTest" name="@BeforeSuite initAllureReport" time="0.0">
    <ignored/>
  </testcase> <!-- @BeforeSuite initAllureReport -->
</testsuite> <!-- Run on CHROME -->
