<?xml version="1.0" encoding="UTF-8"?>
<testsuite name="Run on CHROME"
           tests="5"
           failures="0"
           errors="0"
           skipped="0"
           time="4.141">
  <properties />
  
  
            <testcase name="DC02_CustomerID_Must_Be_Numeric" time="0.198" classname="com.bankguru.customer.DeleteCustomer" />
                <testcase name="DC03_CustomerID_Have_Character_Special" time="0.216" classname="com.bankguru.customer.DeleteCustomer" />
                <testcase name="DC04_CustomerID_Have_Blank_Space" time="0.209" classname="com.bankguru.customer.DeleteCustomer" />
                <testcase name="DC05_CustomerID_First_Character_Not_Have_Blank_Space" time="0.183" classname="com.bankguru.customer.DeleteCustomer" />
                <testcase name="DC01_CustomerID_CannotBe_Empty" time="3.335" classname="com.bankguru.customer.DeleteCustomer" />
      
</testsuite>
