<?xml version="1.0" encoding="UTF-8"?>
<testsuite name="Run on CHROME"
           tests="28"
           failures="0"
           errors="0"
           skipped="0"
           time="18.150">
  <properties />
  
  
            <testcase name="NC15_City_Is_First_Blank_Space" time="0.189" classname="com.newaccount.NewAccount" />
                <testcase name="NC30_Email_is_Empty" time="0.169" classname="com.newaccount.NewAccount" />
                <testcase name="NC19_PIN_Cannot_Have_Special" time="0.183" classname="com.newaccount.NewAccount" />
                <testcase name="NC8_City_Is_First_Blank_Space" time="0.201" classname="com.newaccount.NewAccount" />
                <testcase name="NC4_CustomerName_Is_First_Blank_Space" time="0.186" classname="com.newaccount.NewAccount" />
                <testcase name="NC21_Pin_Have_Blank_Space" time="0.185" classname="com.newaccount.NewAccount" />
                <testcase name="NC17_Pin_Is_Numeric" time="0.151" classname="com.newaccount.NewAccount" />
                <testcase name="NC11_City_Is_First_Blank_Space" time="0.185" classname="com.newaccount.NewAccount" />
                <testcase name="NC6_Address_Is_First_Blank_Space" time="0.200" classname="com.newaccount.NewAccount" />
                <testcase name="NC2_CustomerName_Is_Number" time="0.156" classname="com.newaccount.NewAccount" />
                <testcase name="NC25_Telephone_is_special_character" time="0.182" classname="com.newaccount.NewAccount" />
                <testcase name="NC27_Email_Is_Incorrect_Format" time="0.199" classname="com.newaccount.NewAccount" />
                <testcase name="NC20_Pin_Have_First_Blank_Space" time="0.188" classname="com.newaccount.NewAccount" />
                <testcase name="NC13_State_Is_Numeric" time="0.179" classname="com.newaccount.NewAccount" />
                <testcase name="NC10_City_Is_Special_Character" time="0.171" classname="com.newaccount.NewAccount" />
                <testcase name="NC16_Pin_Is_Empty" time="0.195" classname="com.newaccount.NewAccount" />
                <testcase name="NC23_Telephone_first_character_is_blank" time="0.209" classname="com.newaccount.NewAccount" />
                <testcase name="NC24_Telephone_is_include_blank_space" time="0.187" classname="com.newaccount.NewAccount" />
                <testcase name="NC22_Telephone_Is_Empty" time="0.231" classname="com.newaccount.NewAccount" />
                <testcase name="NC9_City_Is_Numeric" time="0.182" classname="com.newaccount.NewAccount" />
                <testcase name="NC5_Address_Is_Blank_Space" time="0.201" classname="com.newaccount.NewAccount" />
                <testcase name="NC18_PIN_Must_Have_6_Digits" time="0.165" classname="com.newaccount.NewAccount" />
                <testcase name="NC12_State_Is_Empty" time="0.232" classname="com.newaccount.NewAccount" />
                <testcase name="NC29_Email_Have_Space" time="0.172" classname="com.newaccount.NewAccount" />
                <testcase name="NC1_CustomerName_Is_Blank" time="13.097" classname="com.newaccount.NewAccount" />
                <testcase name="NC14_State_Is_Special" time="0.193" classname="com.newaccount.NewAccount" />
                <testcase name="NC26_Email_is_Empty" time="0.205" classname="com.newaccount.NewAccount" />
                <testcase name="NC3_CustomerName_Is_Character" time="0.157" classname="com.newaccount.NewAccount" />
      
</testsuite>
