<?xml version="1.0" encoding="UTF-8"?>
<testsuite name="Run on CHROME"
           tests="5"
           failures="0"
           errors="0"
           skipped="0"
           time="2.059">
  <properties />
  
  
            <testcase name="DC05_CustomerID_First_Character_Not_Have_Blank_Space" time="0.198" classname="com.bankguru.account.DeleteCustomer" />
                <testcase name="DC04_CustomerID_Have_Blank_Space" time="0.197" classname="com.bankguru.account.DeleteCustomer" />
                <testcase name="DC03_CustomerID_Have_Character_Special" time="0.229" classname="com.bankguru.account.DeleteCustomer" />
                <testcase name="DC02_CustomerID_Must_Be_Numeric" time="0.217" classname="com.bankguru.account.DeleteCustomer" />
                <testcase name="DC01_CustomerID_CannotBe_Empty" time="1.218" classname="com.bankguru.account.DeleteCustomer" />
      
</testsuite>
