<?xml version="1.0" encoding="UTF-8"?>
<testng-results ignored="0" total="2" passed="2" failed="0" skipped="0">
  <reporter-output>
    <line>
      <![CDATA[[2023-08-18 17:52:40,353] Step 01 - Open URL 'https://demo.guru99.com/v4/'
<br>]]>
    </line>
    <line>
      <![CDATA[[2023-08-18 17:52:45,968] Step 02 - Input to USERID value mngr522589
<br>]]>
    </line>
    <line>
      <![CDATA[[2023-08-18 17:52:46,217] Step 03 - Input to Password value epEhEgY
<br>]]>
    </line>
    <line>
      <![CDATA[[2023-08-18 17:52:46,371] Step 04 - Click to login button
<br>]]>
    </line>
    <line>
      <![CDATA[[2023-08-18 17:52:47,373] Verify Login successfully
<br>]]>
    </line>
    <line>
      <![CDATA[[2023-08-18 17:52:47,791] OS name = windows 10
<br>]]>
    </line>
    <line>
      <![CDATA[[2023-08-18 17:52:47,792] Driver instance name = chromedriver: chrome on windows (2ae88ecb70cbe16217c26c956a93ec81)
<br>]]>
    </line>
  </reporter-output>
  <suite started-at="2023-08-18T10:52:40Z" name="Run BankGuru 99" finished-at="2023-08-18T10:52:48Z" duration-ms="7811">
    <groups>
    </groups>
    <test started-at="2023-08-18T10:52:40Z" name="Run on CHROME" finished-at="2023-08-18T10:52:48Z" duration-ms="7811">
      <class name="com.newaccount.NewAccount">
        <test-method is-config="true" signature="initAllureReport()[pri:0, instance:com.newaccount.NewAccount@7ed9499e]" started-at="2023-08-18T10:52:40Z" name="initAllureReport" finished-at="2023-08-18T10:52:40Z" duration-ms="65" status="PASS">
          <reporter-output>
          </reporter-output>
        </test-method> <!-- initAllureReport -->
        <test-method is-config="true" signature="beforeClass(java.lang.String, java.lang.String)[pri:0, instance:com.newaccount.NewAccount@7ed9499e]" started-at="2023-08-18T10:52:40Z" name="beforeClass" finished-at="2023-08-18T10:52:47Z" duration-ms="7152" status="PASS">
          <params>
            <param index="0">
              <value>
                <![CDATA[chrome]]>
              </value>
            </param>
            <param index="1">
              <value>
                <![CDATA[https://demo.guru99.com/v4/]]>
              </value>
            </param>
          </params>
          <reporter-output>
            <line>
              <![CDATA[[2023-08-18 17:52:40,353] Step 01 - Open URL 'https://demo.guru99.com/v4/'
<br>]]>
            </line>
            <line>
              <![CDATA[[2023-08-18 17:52:45,968] Step 02 - Input to USERID value mngr522589
<br>]]>
            </line>
            <line>
              <![CDATA[[2023-08-18 17:52:46,217] Step 03 - Input to Password value epEhEgY
<br>]]>
            </line>
            <line>
              <![CDATA[[2023-08-18 17:52:46,371] Step 04 - Click to login button
<br>]]>
            </line>
            <line>
              <![CDATA[[2023-08-18 17:52:47,373] Verify Login successfully
<br>]]>
            </line>
          </reporter-output>
        </test-method> <!-- beforeClass -->
        <test-method signature="NA1()[pri:0, instance:com.newaccount.NewAccount@7ed9499e]" started-at="2023-08-18T10:52:47Z" name="NA1" finished-at="2023-08-18T10:52:47Z" duration-ms="109" status="PASS">
          <reporter-output>
          </reporter-output>
        </test-method> <!-- NA1 -->
        <test-method signature="NA2()[pri:0, instance:com.newaccount.NewAccount@7ed9499e]" started-at="2023-08-18T10:52:47Z" name="NA2" finished-at="2023-08-18T10:52:47Z" duration-ms="4" status="PASS">
          <reporter-output>
          </reporter-output>
        </test-method> <!-- NA2 -->
        <test-method is-config="true" signature="afterClass()[pri:0, instance:com.newaccount.NewAccount@7ed9499e]" started-at="2023-08-18T10:52:47Z" name="afterClass" finished-at="2023-08-18T10:52:48Z" duration-ms="335" status="PASS">
          <reporter-output>
            <line>
              <![CDATA[[2023-08-18 17:52:47,791] OS name = windows 10
<br>]]>
            </line>
            <line>
              <![CDATA[[2023-08-18 17:52:47,792] Driver instance name = chromedriver: chrome on windows (2ae88ecb70cbe16217c26c956a93ec81)
<br>]]>
            </line>
          </reporter-output>
        </test-method> <!-- afterClass -->
      </class> <!-- com.newaccount.NewAccount -->
    </test> <!-- Run on CHROME -->
  </suite> <!-- Run BankGuru 99 -->
</testng-results>
