<?xml version="1.0" encoding="UTF-8"?>
<testng-results ignored="0" total="28" passed="27" failed="1" skipped="0">
  <reporter-output>
    <line>
      <![CDATA[[2023-08-19 12:00:43,808] Step 01 - Open URL 'https://demo.guru99.com/v4/'
<br>]]>
    </line>
    <line>
      <![CDATA[[2023-08-19 12:00:49,903] Step 02 - Input to USERID value mngr522589
<br>]]>
    </line>
    <line>
      <![CDATA[[2023-08-19 12:00:50,048] Step 03 - Input to Password value epEhEgY
<br>]]>
    </line>
    <line>
      <![CDATA[[2023-08-19 12:00:50,164] Step 04 - Click to login button
<br>]]>
    </line>
    <line>
      <![CDATA[[2023-08-19 12:00:51,200] Verify Login successfully
<br>]]>
    </line>
    <line>
      <![CDATA[[2023-08-19 12:00:51,323] NC1 01: Open New Customer Page
<br>]]>
    </line>
    <line>
      <![CDATA[[2023-08-19 12:00:51,463] NC1 02: Enter to Customer Name ''
<br>]]>
    </line>
    <line>
      <![CDATA[[2023-08-19 12:00:53,619] NC1 03: Press TAB to navigate next field
<br>]]>
    </line>
    <line>
      <![CDATA[[2023-08-19 12:00:53,692] NC1 04: Verify error message is displayed
<br>]]>
    </line>
    <line>
      <![CDATA[[2023-08-19 12:00:53,806] NC2 01: Enter to Customer Name value 'Acc1234'
<br>]]>
    </line>
    <line>
      <![CDATA[[2023-08-19 12:00:53,921] NC2 02: Verify error message is displayed
<br>]]>
    </line>
    <line>
      <![CDATA[[2023-08-19 12:00:53,985] NC3 01: Enter to Customer Name value '123123@##!'
<br>]]>
    </line>
    <line>
      <![CDATA[[2023-08-19 12:00:54,094] NC3 02: Verify error message is displayed
<br>]]>
    </line>
    <line>
      <![CDATA[[2023-08-19 12:00:54,156] N4 01: Enter to Customer Name value ' dsdsdsdsdsd'
<br>]]>
    </line>
    <line>
      <![CDATA[[2023-08-19 12:00:54,268] N4 02: Verify error message is displayed
<br>]]>
    </line>
    <line>
      <![CDATA[[2023-08-19 12:00:54,325] N5 01: Enter to Address value ''
<br>]]>
    </line>
    <line>
      <![CDATA[[2023-08-19 12:00:54,416] N5 02: Press tab key to next field
<br>]]>
    </line>
    <line>
      <![CDATA[[2023-08-19 12:00:54,457] N5 03: Verify error message is displayed
<br>]]>
    </line>
    <line>
      <![CDATA[[2023-08-19 12:00:54,512] N6 01: Enter to Customer Name value ' dsdsdsdsdsd'
<br>]]>
    </line>
    <line>
      <![CDATA[[2023-08-19 12:00:54,611] N6 02: Verify error message is displayed
<br>]]>
    </line>
    <line>
      <![CDATA[[2023-08-19 12:00:54,683] N8 01: Enter to City value ''
<br>]]>
    </line>
    <line>
      <![CDATA[[2023-08-19 12:00:54,775] N8 02: Press tab to navigate next field
<br>]]>
    </line>
    <line>
      <![CDATA[[2023-08-19 12:00:54,817] N8 03: Verify error message is displayed
<br>]]>
    </line>
    <line>
      <![CDATA[[2023-08-19 12:00:54,875] N9 01: Enter to City value '213123123'
<br>]]>
    </line>
    <line>
      <![CDATA[[2023-08-19 12:00:54,978] N9 02: Verify error message is displayed
<br>]]>
    </line>
    <line>
      <![CDATA[[2023-08-19 12:00:55,052] N10 01: Enter to City value '!@#@#!#@!#@#!@!#'
<br>]]>
    </line>
    <line>
      <![CDATA[[2023-08-19 12:00:55,183] N10 02: Verify error message is displayed
<br>]]>
    </line>
    <line>
      <![CDATA[[2023-08-19 12:00:55,246] N11 01: Enter to City value ' dsdsdsdsdsd'
<br>]]>
    </line>
    <line>
      <![CDATA[[2023-08-19 12:00:55,343] N11 02: Verify error message is displayed
<br>]]>
    </line>
    <line>
      <![CDATA[[2023-08-19 12:00:55,409] N12 01: Enter to State value ''
<br>]]>
    </line>
    <line>
      <![CDATA[[2023-08-19 12:00:55,494] N12 02: Press tab to navigate next field
<br>]]>
    </line>
    <line>
      <![CDATA[[2023-08-19 12:00:55,535] N12 03: Verify error message is displayed
<br>]]>
    </line>
    <line>
      <![CDATA[[2023-08-19 12:00:55,606] N13 01: Enter to State value '123123123123'
<br>]]>
    </line>
    <line>
      <![CDATA[[2023-08-19 12:00:55,706] N13 02: Verify error message is displayed
<br>]]>
    </line>
    <line>
      <![CDATA[[2023-08-19 12:00:55,765] N14 01: Enter to State value '@&*!#^&*@!#^&'
<br>]]>
    </line>
    <line>
      <![CDATA[[2023-08-19 12:00:55,872] N14 02: Verify error message is displayed
<br>]]>
    </line>
    <line>
      <![CDATA[[2023-08-19 12:00:55,937] N15 01: Enter to State value ' dsdsdsdsdsd'
<br>]]>
    </line>
    <line>
      <![CDATA[[2023-08-19 12:00:56,054] N15 02: Verify error message is displayed
<br>]]>
    </line>
    <line>
      <![CDATA[[2023-08-19 12:00:56,129] N16 01: Enter to PIN value ''
<br>]]>
    </line>
    <line>
      <![CDATA[[2023-08-19 12:00:56,224] N16 02: Press Tab to navigate next field
<br>]]>
    </line>
    <line>
      <![CDATA[[2023-08-19 12:00:56,265] N16 02: Verify error message is displayed
<br>]]>
    </line>
    <line>
      <![CDATA[[2023-08-19 12:00:56,335] N17 01: Enter to PIN value '123PIN'
<br>]]>
    </line>
    <line>
      <![CDATA[[2023-08-19 12:00:56,463] N17 02: Verify error message is displayed
<br>]]>
    </line>
    <line>
      <![CDATA[[2023-08-19 12:00:56,540] N18 01: Enter to PIN value '12345'
<br>]]>
    </line>
    <line>
      <![CDATA[[2023-08-19 12:00:56,650] N18 02: Verify error message is displayed
<br>]]>
    </line>
    <line>
      <![CDATA[[2023-08-19 12:00:56,717] N19 01: Enter to PIN value '123$$$$'
<br>]]>
    </line>
    <line>
      <![CDATA[[2023-08-19 12:00:56,825] N19 02: Verify error message is displayed
<br>]]>
    </line>
    <line>
      <![CDATA[[2023-08-19 12:00:56,888] NC20 01: Enter to PIN value ' sadsadsad'
<br>]]>
    </line>
    <line>
      <![CDATA[[2023-08-19 12:00:57,001] NC20 02: Verify error message is displayed
<br>]]>
    </line>
    <line>
      <![CDATA[[2023-08-19 12:00:57,078] NC21 01: Enter to PIN value '23 454'
<br>]]>
    </line>
    <line>
      <![CDATA[[2023-08-19 12:00:57,185] NC21 02: Verify error message is displayed
<br>]]>
    </line>
    <line>
      <![CDATA[[2023-08-19 12:00:57,261] NC22 01: Enter to Telephone value ''
<br>]]>
    </line>
    <line>
      <![CDATA[[2023-08-19 12:00:57,377] NC22 02: Press Tab to navigate next field
<br>]]>
    </line>
    <line>
      <![CDATA[[2023-08-19 12:00:57,432] NC22 03: Verify error message is displayed
<br>]]>
    </line>
    <line>
      <![CDATA[[2023-08-19 12:00:57,499] NC23 01: Enter to PIN value ' sadsfsdfsdfsdf'
<br>]]>
    </line>
    <line>
      <![CDATA[[2023-08-19 12:00:57,628] NC23 02: Verify error message is displayed
<br>]]>
    </line>
    <line>
      <![CDATA[[2023-08-19 12:00:57,696] NC24 01: Enter to Telephone value '12312 34435'
<br>]]>
    </line>
    <line>
      <![CDATA[[2023-08-19 12:00:57,815] NC24 02: Verify error message is displayed
<br>]]>
    </line>
    <line>
      <![CDATA[[2023-08-19 12:00:57,878] NC25 01: Enter to Telephone value '13123@##'
<br>]]>
    </line>
    <line>
      <![CDATA[[2023-08-19 12:00:57,973] NC25 02: Verify error message is displayed
<br>]]>
    </line>
    <line>
      <![CDATA[[2023-08-19 12:00:58,035] NC26 01: Enter to Email value ''
<br>]]>
    </line>
    <line>
      <![CDATA[[2023-08-19 12:00:58,155] NC26 01: Press Tab to navigate next field
<br>]]>
    </line>
    <line>
      <![CDATA[[2023-08-19 12:00:58,198] NC26 03: Verify error message is displayed
<br>]]>
    </line>
    <line>
      <![CDATA[[2023-08-19 12:00:58,271] NC27 01: Enter to Email value '13123@##'
<br>]]>
    </line>
    <line>
      <![CDATA[[2023-08-19 12:00:58,362] NC27 02: Verify error message is displayed
<br>]]>
    </line>
    <line>
      <![CDATA[[2023-08-19 12:00:58,427] NC29 01: Enter to Email value ' asdasdasdasd'
<br>]]>
    </line>
    <line>
      <![CDATA[[2023-08-19 12:00:58,570] NC29 02: Verify error message is displayed
<br>]]>
    </line>
    <line>
      <![CDATA[[2023-08-19 12:00:58,642] NC30 01: Click to Reset Button to clear all field
<br>]]>
    </line>
    <line>
      <![CDATA[[2023-08-19 12:00:58,724] NC30 02: Click to Submit Button
<br>]]>
    </line>
    <line>
      <![CDATA[[2023-08-19 12:00:58,793] NC30 03: Verify all field is required
<br>]]>
    </line>
    <line>
      <![CDATA[[2023-08-19 12:00:58,798] NC30 04: Refresh Page
<br>]]>
    </line>
    <line>
      <![CDATA[[2023-08-19 12:00:58,813] OS name = windows 10
<br>]]>
    </line>
    <line>
      <![CDATA[[2023-08-19 12:00:58,813] Driver instance name = chromedriver: chrome on windows (ceb7cf1e012d4947c190e6fb0e0ba44a)
<br>]]>
    </line>
  </reporter-output>
  <suite started-at="2023-08-19T12:00:43 ICT" name="Run BankGuru 99" finished-at="2023-08-19T12:00:59 ICT" duration-ms="15275">
    <groups>
    </groups>
    <test started-at="2023-08-19T12:00:43 ICT" name="Run on CHROME" finished-at="2023-08-19T12:00:59 ICT" duration-ms="15275">
      <class name="com.newaccount.NewAccount">
        <test-method is-config="true" signature="initAllureReport()[pri:0, instance:com.newaccount.NewAccount@4eb1c69]" started-at="2023-08-19T12:00:43 ICT" name="initAllureReport" finished-at="2023-08-19T12:00:43 ICT" duration-ms="23" status="PASS">
          <reporter-output>
          </reporter-output>
        </test-method> <!-- initAllureReport -->
        <test-method is-config="true" signature="beforeClass(java.lang.String,java.lang.String)[pri:0, instance:com.newaccount.NewAccount@4eb1c69]" started-at="2023-08-19T12:00:43 ICT" name="beforeClass" finished-at="2023-08-19T12:00:51 ICT" duration-ms="7482" status="PASS">
          <params>
            <param index="0">
              <value>
                <![CDATA[chrome]]>
              </value>
            </param>
            <param index="1">
              <value>
                <![CDATA[https://demo.guru99.com/v4/]]>
              </value>
            </param>
          </params>
          <reporter-output>
            <line>
              <![CDATA[[2023-08-19 12:00:43,808] Step 01 - Open URL 'https://demo.guru99.com/v4/'
<br>]]>
            </line>
            <line>
              <![CDATA[[2023-08-19 12:00:49,903] Step 02 - Input to USERID value mngr522589
<br>]]>
            </line>
            <line>
              <![CDATA[[2023-08-19 12:00:50,048] Step 03 - Input to Password value epEhEgY
<br>]]>
            </line>
            <line>
              <![CDATA[[2023-08-19 12:00:50,164] Step 04 - Click to login button
<br>]]>
            </line>
            <line>
              <![CDATA[[2023-08-19 12:00:51,200] Verify Login successfully
<br>]]>
            </line>
          </reporter-output>
        </test-method> <!-- beforeClass -->
        <test-method signature="NC1_CustomerName_Is_Blank()[pri:0, instance:com.newaccount.NewAccount@4eb1c69]" started-at="2023-08-19T12:00:51 ICT" name="NC1_CustomerName_Is_Blank" description="CustomerName_Is_Blank" finished-at="2023-08-19T12:00:53 ICT" duration-ms="2455" status="PASS">
          <reporter-output>
            <line>
              <![CDATA[[2023-08-19 12:00:51,323] NC1 01: Open New Customer Page
<br>]]>
            </line>
            <line>
              <![CDATA[[2023-08-19 12:00:51,463] NC1 02: Enter to Customer Name ''
<br>]]>
            </line>
            <line>
              <![CDATA[[2023-08-19 12:00:53,619] NC1 03: Press TAB to navigate next field
<br>]]>
            </line>
            <line>
              <![CDATA[[2023-08-19 12:00:53,692] NC1 04: Verify error message is displayed
<br>]]>
            </line>
          </reporter-output>
        </test-method> <!-- NC1_CustomerName_Is_Blank -->
        <test-method signature="NC2_CustomerName_Is_Number()[pri:0, instance:com.newaccount.NewAccount@4eb1c69]" started-at="2023-08-19T12:00:53 ICT" name="NC2_CustomerName_Is_Number" description="CustomerName_Is_Number" finished-at="2023-08-19T12:00:53 ICT" duration-ms="177" status="PASS">
          <reporter-output>
            <line>
              <![CDATA[[2023-08-19 12:00:53,806] NC2 01: Enter to Customer Name value 'Acc1234'
<br>]]>
            </line>
            <line>
              <![CDATA[[2023-08-19 12:00:53,921] NC2 02: Verify error message is displayed
<br>]]>
            </line>
          </reporter-output>
        </test-method> <!-- NC2_CustomerName_Is_Number -->
        <test-method signature="NC3_CustomerName_Is_Character()[pri:0, instance:com.newaccount.NewAccount@4eb1c69]" started-at="2023-08-19T12:00:53 ICT" name="NC3_CustomerName_Is_Character" description="CustomerName_Is_Character" finished-at="2023-08-19T12:00:54 ICT" duration-ms="170" status="PASS">
          <reporter-output>
            <line>
              <![CDATA[[2023-08-19 12:00:53,985] NC3 01: Enter to Customer Name value '123123@##!'
<br>]]>
            </line>
            <line>
              <![CDATA[[2023-08-19 12:00:54,094] NC3 02: Verify error message is displayed
<br>]]>
            </line>
          </reporter-output>
        </test-method> <!-- NC3_CustomerName_Is_Character -->
        <test-method signature="NC4_CustomerName_Is_First_Blank_Space()[pri:0, instance:com.newaccount.NewAccount@4eb1c69]" started-at="2023-08-19T12:00:54 ICT" name="NC4_CustomerName_Is_First_Blank_Space" description="CustomerName_Is_Character" finished-at="2023-08-19T12:00:54 ICT" duration-ms="168" status="PASS">
          <reporter-output>
            <line>
              <![CDATA[[2023-08-19 12:00:54,156] N4 01: Enter to Customer Name value ' dsdsdsdsdsd'
<br>]]>
            </line>
            <line>
              <![CDATA[[2023-08-19 12:00:54,268] N4 02: Verify error message is displayed
<br>]]>
            </line>
          </reporter-output>
        </test-method> <!-- NC4_CustomerName_Is_First_Blank_Space -->
        <test-method signature="NC5_Address_Is_Blank_Space()[pri:0, instance:com.newaccount.NewAccount@4eb1c69]" started-at="2023-08-19T12:00:54 ICT" name="NC5_Address_Is_Blank_Space" description="CustomerName_Is_Character" finished-at="2023-08-19T12:00:54 ICT" duration-ms="185" status="PASS">
          <reporter-output>
            <line>
              <![CDATA[[2023-08-19 12:00:54,325] N5 01: Enter to Address value ''
<br>]]>
            </line>
            <line>
              <![CDATA[[2023-08-19 12:00:54,416] N5 02: Press tab key to next field
<br>]]>
            </line>
            <line>
              <![CDATA[[2023-08-19 12:00:54,457] N5 03: Verify error message is displayed
<br>]]>
            </line>
          </reporter-output>
        </test-method> <!-- NC5_Address_Is_Blank_Space -->
        <test-method signature="NC6_Address_Is_First_Blank_Space()[pri:0, instance:com.newaccount.NewAccount@4eb1c69]" started-at="2023-08-19T12:00:54 ICT" name="NC6_Address_Is_First_Blank_Space" description="Address_Is_First_Blank_Space" finished-at="2023-08-19T12:00:54 ICT" duration-ms="169" status="PASS">
          <reporter-output>
            <line>
              <![CDATA[[2023-08-19 12:00:54,512] N6 01: Enter to Customer Name value ' dsdsdsdsdsd'
<br>]]>
            </line>
            <line>
              <![CDATA[[2023-08-19 12:00:54,611] N6 02: Verify error message is displayed
<br>]]>
            </line>
          </reporter-output>
        </test-method> <!-- NC6_Address_Is_First_Blank_Space -->
        <test-method signature="NC8_City_Is_First_Blank_Space()[pri:0, instance:com.newaccount.NewAccount@4eb1c69]" started-at="2023-08-19T12:00:54 ICT" name="NC8_City_Is_First_Blank_Space" description="City_Is_First_Blank_Space" finished-at="2023-08-19T12:00:54 ICT" duration-ms="190" status="PASS">
          <reporter-output>
            <line>
              <![CDATA[[2023-08-19 12:00:54,683] N8 01: Enter to City value ''
<br>]]>
            </line>
            <line>
              <![CDATA[[2023-08-19 12:00:54,775] N8 02: Press tab to navigate next field
<br>]]>
            </line>
            <line>
              <![CDATA[[2023-08-19 12:00:54,817] N8 03: Verify error message is displayed
<br>]]>
            </line>
          </reporter-output>
        </test-method> <!-- NC8_City_Is_First_Blank_Space -->
        <test-method signature="NC9_City_Is_Numeric()[pri:0, instance:com.newaccount.NewAccount@4eb1c69]" started-at="2023-08-19T12:00:54 ICT" name="NC9_City_Is_Numeric" description="City_Is_Numeric" finished-at="2023-08-19T12:00:55 ICT" duration-ms="173" status="PASS">
          <reporter-output>
            <line>
              <![CDATA[[2023-08-19 12:00:54,875] N9 01: Enter to City value '213123123'
<br>]]>
            </line>
            <line>
              <![CDATA[[2023-08-19 12:00:54,978] N9 02: Verify error message is displayed
<br>]]>
            </line>
          </reporter-output>
        </test-method> <!-- NC9_City_Is_Numeric -->
        <test-method signature="NC10_City_Is_Special_Character()[pri:2, instance:com.newaccount.NewAccount@4eb1c69]" started-at="2023-08-19T12:00:55 ICT" name="NC10_City_Is_Special_Character" description="City_Is_Special_Character" finished-at="2023-08-19T12:00:55 ICT" duration-ms="193" status="PASS">
          <reporter-output>
            <line>
              <![CDATA[[2023-08-19 12:00:55,052] N10 01: Enter to City value '!@#@#!#@!#@#!@!#'
<br>]]>
            </line>
            <line>
              <![CDATA[[2023-08-19 12:00:55,183] N10 02: Verify error message is displayed
<br>]]>
            </line>
          </reporter-output>
        </test-method> <!-- NC10_City_Is_Special_Character -->
        <test-method signature="NC11_City_Is_First_Blank_Space()[pri:2, instance:com.newaccount.NewAccount@4eb1c69]" started-at="2023-08-19T12:00:55 ICT" name="NC11_City_Is_First_Blank_Space" description="City_Is_First_Blank_Space" finished-at="2023-08-19T12:00:55 ICT" duration-ms="161" status="PASS">
          <reporter-output>
            <line>
              <![CDATA[[2023-08-19 12:00:55,246] N11 01: Enter to City value ' dsdsdsdsdsd'
<br>]]>
            </line>
            <line>
              <![CDATA[[2023-08-19 12:00:55,343] N11 02: Verify error message is displayed
<br>]]>
            </line>
          </reporter-output>
        </test-method> <!-- NC11_City_Is_First_Blank_Space -->
        <test-method signature="NC12_State_Is_Empty()[pri:2, instance:com.newaccount.NewAccount@4eb1c69]" started-at="2023-08-19T12:00:55 ICT" name="NC12_State_Is_Empty" description="State_Is_Empty" finished-at="2023-08-19T12:00:55 ICT" duration-ms="197" status="PASS">
          <reporter-output>
            <line>
              <![CDATA[[2023-08-19 12:00:55,409] N12 01: Enter to State value ''
<br>]]>
            </line>
            <line>
              <![CDATA[[2023-08-19 12:00:55,494] N12 02: Press tab to navigate next field
<br>]]>
            </line>
            <line>
              <![CDATA[[2023-08-19 12:00:55,535] N12 03: Verify error message is displayed
<br>]]>
            </line>
          </reporter-output>
        </test-method> <!-- NC12_State_Is_Empty -->
        <test-method signature="NC13_State_Is_Numeric()[pri:2, instance:com.newaccount.NewAccount@4eb1c69]" started-at="2023-08-19T12:00:55 ICT" name="NC13_State_Is_Numeric" description="State_Is_Numeric" finished-at="2023-08-19T12:00:55 ICT" duration-ms="157" status="PASS">
          <reporter-output>
            <line>
              <![CDATA[[2023-08-19 12:00:55,606] N13 01: Enter to State value '123123123123'
<br>]]>
            </line>
            <line>
              <![CDATA[[2023-08-19 12:00:55,706] N13 02: Verify error message is displayed
<br>]]>
            </line>
          </reporter-output>
        </test-method> <!-- NC13_State_Is_Numeric -->
        <test-method signature="NC14_State_Is_Special()[pri:2, instance:com.newaccount.NewAccount@4eb1c69]" started-at="2023-08-19T12:00:55 ICT" name="NC14_State_Is_Special" description="State_Is_Special" finished-at="2023-08-19T12:00:55 ICT" duration-ms="169" status="PASS">
          <reporter-output>
            <line>
              <![CDATA[[2023-08-19 12:00:55,765] N14 01: Enter to State value '@&*!#^&*@!#^&'
<br>]]>
            </line>
            <line>
              <![CDATA[[2023-08-19 12:00:55,872] N14 02: Verify error message is displayed
<br>]]>
            </line>
          </reporter-output>
        </test-method> <!-- NC14_State_Is_Special -->
        <test-method signature="NC15_City_Is_First_Blank_Space()[pri:2, instance:com.newaccount.NewAccount@4eb1c69]" started-at="2023-08-19T12:00:55 ICT" name="NC15_City_Is_First_Blank_Space" description="State_Is_First_Blank_Space" finished-at="2023-08-19T12:00:56 ICT" duration-ms="188" status="PASS">
          <reporter-output>
            <line>
              <![CDATA[[2023-08-19 12:00:55,937] N15 01: Enter to State value ' dsdsdsdsdsd'
<br>]]>
            </line>
            <line>
              <![CDATA[[2023-08-19 12:00:56,054] N15 02: Verify error message is displayed
<br>]]>
            </line>
          </reporter-output>
        </test-method> <!-- NC15_City_Is_First_Blank_Space -->
        <test-method signature="NC16_Pin_Is_Empty()[pri:2, instance:com.newaccount.NewAccount@4eb1c69]" started-at="2023-08-19T12:00:56 ICT" name="NC16_Pin_Is_Empty" description="Pin_Is_Empty" finished-at="2023-08-19T12:00:56 ICT" duration-ms="205" status="PASS">
          <reporter-output>
            <line>
              <![CDATA[[2023-08-19 12:00:56,129] N16 01: Enter to PIN value ''
<br>]]>
            </line>
            <line>
              <![CDATA[[2023-08-19 12:00:56,224] N16 02: Press Tab to navigate next field
<br>]]>
            </line>
            <line>
              <![CDATA[[2023-08-19 12:00:56,265] N16 02: Verify error message is displayed
<br>]]>
            </line>
          </reporter-output>
        </test-method> <!-- NC16_Pin_Is_Empty -->
        <test-method signature="NC17_Pin_Is_Numeric()[pri:2, instance:com.newaccount.NewAccount@4eb1c69]" started-at="2023-08-19T12:00:56 ICT" name="NC17_Pin_Is_Numeric" description="Pin_Is_Numeric" finished-at="2023-08-19T12:00:56 ICT" duration-ms="201" status="PASS">
          <reporter-output>
            <line>
              <![CDATA[[2023-08-19 12:00:56,335] N17 01: Enter to PIN value '123PIN'
<br>]]>
            </line>
            <line>
              <![CDATA[[2023-08-19 12:00:56,463] N17 02: Verify error message is displayed
<br>]]>
            </line>
          </reporter-output>
        </test-method> <!-- NC17_Pin_Is_Numeric -->
        <test-method signature="NC18_PIN_Must_Have_6_Digits()[pri:2, instance:com.newaccount.NewAccount@4eb1c69]" started-at="2023-08-19T12:00:56 ICT" name="NC18_PIN_Must_Have_6_Digits" description="PIN_Must_Have_6_Digits" finished-at="2023-08-19T12:00:56 ICT" duration-ms="178" status="PASS">
          <reporter-output>
            <line>
              <![CDATA[[2023-08-19 12:00:56,540] N18 01: Enter to PIN value '12345'
<br>]]>
            </line>
            <line>
              <![CDATA[[2023-08-19 12:00:56,650] N18 02: Verify error message is displayed
<br>]]>
            </line>
          </reporter-output>
        </test-method> <!-- NC18_PIN_Must_Have_6_Digits -->
        <test-method signature="NC19_PIN_Cannot_Have_Special()[pri:2, instance:com.newaccount.NewAccount@4eb1c69]" started-at="2023-08-19T12:00:56 ICT" name="NC19_PIN_Cannot_Have_Special" description="PIN_Cannot_Have_Special" finished-at="2023-08-19T12:00:56 ICT" duration-ms="168" status="PASS">
          <reporter-output>
            <line>
              <![CDATA[[2023-08-19 12:00:56,717] N19 01: Enter to PIN value '123$$$$'
<br>]]>
            </line>
            <line>
              <![CDATA[[2023-08-19 12:00:56,825] N19 02: Verify error message is displayed
<br>]]>
            </line>
          </reporter-output>
        </test-method> <!-- NC19_PIN_Cannot_Have_Special -->
        <test-method signature="NC20_Pin_Have_First_Blank_Space()[pri:2, instance:com.newaccount.NewAccount@4eb1c69]" started-at="2023-08-19T12:00:56 ICT" name="NC20_Pin_Have_First_Blank_Space" description="Pin_Have_First_Blank_Space" finished-at="2023-08-19T12:00:57 ICT" duration-ms="188" status="PASS">
          <reporter-output>
            <line>
              <![CDATA[[2023-08-19 12:00:56,888] NC20 01: Enter to PIN value ' sadsadsad'
<br>]]>
            </line>
            <line>
              <![CDATA[[2023-08-19 12:00:57,001] NC20 02: Verify error message is displayed
<br>]]>
            </line>
          </reporter-output>
        </test-method> <!-- NC20_Pin_Have_First_Blank_Space -->
        <test-method signature="NC21_Pin_Have_Blank_Space()[pri:2, instance:com.newaccount.NewAccount@4eb1c69]" started-at="2023-08-19T12:00:57 ICT" name="NC21_Pin_Have_Blank_Space" description="Pin_Have_Blank_Space" finished-at="2023-08-19T12:00:57 ICT" duration-ms="175" status="PASS">
          <reporter-output>
            <line>
              <![CDATA[[2023-08-19 12:00:57,078] NC21 01: Enter to PIN value '23 454'
<br>]]>
            </line>
            <line>
              <![CDATA[[2023-08-19 12:00:57,185] NC21 02: Verify error message is displayed
<br>]]>
            </line>
          </reporter-output>
        </test-method> <!-- NC21_Pin_Have_Blank_Space -->
        <test-method signature="NC22_Telephone_Is_Empty()[pri:2, instance:com.newaccount.NewAccount@4eb1c69]" started-at="2023-08-19T12:00:57 ICT" name="NC22_Telephone_Is_Empty" description="Telephone_is_empty" finished-at="2023-08-19T12:00:57 ICT" duration-ms="239" status="PASS">
          <reporter-output>
            <line>
              <![CDATA[[2023-08-19 12:00:57,261] NC22 01: Enter to Telephone value ''
<br>]]>
            </line>
            <line>
              <![CDATA[[2023-08-19 12:00:57,377] NC22 02: Press Tab to navigate next field
<br>]]>
            </line>
            <line>
              <![CDATA[[2023-08-19 12:00:57,432] NC22 03: Verify error message is displayed
<br>]]>
            </line>
          </reporter-output>
        </test-method> <!-- NC22_Telephone_Is_Empty -->
        <test-method signature="NC23_Telephone_first_character_is_blank()[pri:2, instance:com.newaccount.NewAccount@4eb1c69]" started-at="2023-08-19T12:00:57 ICT" name="NC23_Telephone_first_character_is_blank" description="Telephone_first_character_is_blank" finished-at="2023-08-19T12:00:57 ICT" duration-ms="196" status="PASS">
          <reporter-output>
            <line>
              <![CDATA[[2023-08-19 12:00:57,499] NC23 01: Enter to PIN value ' sadsfsdfsdfsdf'
<br>]]>
            </line>
            <line>
              <![CDATA[[2023-08-19 12:00:57,628] NC23 02: Verify error message is displayed
<br>]]>
            </line>
          </reporter-output>
        </test-method> <!-- NC23_Telephone_first_character_is_blank -->
        <test-method signature="NC24_Telephone_is_include_blank_space()[pri:2, instance:com.newaccount.NewAccount@4eb1c69]" started-at="2023-08-19T12:00:57 ICT" name="NC24_Telephone_is_include_blank_space" description="Telephone_is_include_blank_space" finished-at="2023-08-19T12:00:57 ICT" duration-ms="182" status="PASS">
          <reporter-output>
            <line>
              <![CDATA[[2023-08-19 12:00:57,696] NC24 01: Enter to Telephone value '12312 34435'
<br>]]>
            </line>
            <line>
              <![CDATA[[2023-08-19 12:00:57,815] NC24 02: Verify error message is displayed
<br>]]>
            </line>
          </reporter-output>
        </test-method> <!-- NC24_Telephone_is_include_blank_space -->
        <test-method signature="NC25_Telephone_is_special_character()[pri:2, instance:com.newaccount.NewAccount@4eb1c69]" started-at="2023-08-19T12:00:57 ICT" name="NC25_Telephone_is_special_character" description="Telephone_is_special_character" finished-at="2023-08-19T12:00:58 ICT" duration-ms="155" status="PASS">
          <reporter-output>
            <line>
              <![CDATA[[2023-08-19 12:00:57,878] NC25 01: Enter to Telephone value '13123@##'
<br>]]>
            </line>
            <line>
              <![CDATA[[2023-08-19 12:00:57,973] NC25 02: Verify error message is displayed
<br>]]>
            </line>
          </reporter-output>
        </test-method> <!-- NC25_Telephone_is_special_character -->
        <test-method signature="NC26_Email_is_Empty()[pri:2, instance:com.newaccount.NewAccount@4eb1c69]" started-at="2023-08-19T12:00:58 ICT" name="NC26_Email_is_Empty" description="Email_Is_Empty" finished-at="2023-08-19T12:00:58 ICT" duration-ms="234" status="PASS">
          <reporter-output>
            <line>
              <![CDATA[[2023-08-19 12:00:58,035] NC26 01: Enter to Email value ''
<br>]]>
            </line>
            <line>
              <![CDATA[[2023-08-19 12:00:58,155] NC26 01: Press Tab to navigate next field
<br>]]>
            </line>
            <line>
              <![CDATA[[2023-08-19 12:00:58,198] NC26 03: Verify error message is displayed
<br>]]>
            </line>
          </reporter-output>
        </test-method> <!-- NC26_Email_is_Empty -->
        <test-method signature="NC27_Email_Is_Incorrect_Format()[pri:2, instance:com.newaccount.NewAccount@4eb1c69]" started-at="2023-08-19T12:00:58 ICT" name="NC27_Email_Is_Incorrect_Format" description="Email_Is_Incorrect_Format" finished-at="2023-08-19T12:00:58 ICT" duration-ms="154" status="PASS">
          <reporter-output>
            <line>
              <![CDATA[[2023-08-19 12:00:58,271] NC27 01: Enter to Email value '13123@##'
<br>]]>
            </line>
            <line>
              <![CDATA[[2023-08-19 12:00:58,362] NC27 02: Verify error message is displayed
<br>]]>
            </line>
          </reporter-output>
        </test-method> <!-- NC27_Email_Is_Incorrect_Format -->
        <test-method signature="NC29_Email_Have_Space()[pri:2, instance:com.newaccount.NewAccount@4eb1c69]" started-at="2023-08-19T12:00:58 ICT" name="NC29_Email_Have_Space" description="Email_Have_Space" finished-at="2023-08-19T12:00:58 ICT" duration-ms="213" status="PASS">
          <reporter-output>
            <line>
              <![CDATA[[2023-08-19 12:00:58,427] NC29 01: Enter to Email value ' asdasdasdasd'
<br>]]>
            </line>
            <line>
              <![CDATA[[2023-08-19 12:00:58,570] NC29 02: Verify error message is displayed
<br>]]>
            </line>
          </reporter-output>
        </test-method> <!-- NC29_Email_Have_Space -->
        <test-method signature="NC30_Email_is_Empty()[pri:2, instance:com.newaccount.NewAccount@4eb1c69]" started-at="2023-08-19T12:00:58 ICT" name="NC30_Email_is_Empty" description="Verify all field in New Customer" finished-at="2023-08-19T12:00:58 ICT" duration-ms="168" status="FAIL">
          <exception class="org.openqa.selenium.UnhandledAlertException">
            <message>
              <![CDATA[unexpected alert open: {Alert text : please fill all fields}
  (Session info: chrome=115.0.5790.171): please fill all fields
Build info: version: '3.141.59', revision: 'e82be7d358', time: '2018-11-14T08:17:03'
System info: host: 'DESKTOP-Q3VM3NF', ip: '172.27.240.1', os.name: 'Windows 10', os.arch: 'amd64', os.version: '10.0', java.version: '11.0.18'
Driver info: org.openqa.selenium.chrome.ChromeDriver
Capabilities {acceptInsecureCerts: false, browserName: chrome, browserVersion: 115.0.5790.171, chrome: {chromedriverVersion: 115.0.5790.170 (cc0d30c2ca5..., userDataDir: C:\Users\PC\AppData\Local\T...}, goog:chromeOptions: {debuggerAddress: localhost:62101}, javascriptEnabled: true, networkConnectionEnabled: false, pageLoadStrategy: normal, platform: WINDOWS, platformName: WINDOWS, proxy: Proxy(), setWindowRect: true, strictFileInteractability: false, timeouts: {implicit: 0, pageLoad: 300000, script: 30000}, unhandledPromptBehavior: dismiss and notify, webauthn:extension:credBlob: true, webauthn:extension:largeBlob: true, webauthn:extension:minPinLength: true, webauthn:extension:prf: true, webauthn:virtualAuthenticators: true}
Session ID: ceb7cf1e012d4947c190e6fb0e0ba44a]]>
            </message>
            <full-stacktrace>
              <![CDATA[org.openqa.selenium.UnhandledAlertException: unexpected alert open: {Alert text : please fill all fields}
  (Session info: chrome=115.0.5790.171): please fill all fields
Build info: version: '3.141.59', revision: 'e82be7d358', time: '2018-11-14T08:17:03'
System info: host: 'DESKTOP-Q3VM3NF', ip: '172.27.240.1', os.name: 'Windows 10', os.arch: 'amd64', os.version: '10.0', java.version: '11.0.18'
Driver info: org.openqa.selenium.chrome.ChromeDriver
Capabilities {acceptInsecureCerts: false, browserName: chrome, browserVersion: 115.0.5790.171, chrome: {chromedriverVersion: 115.0.5790.170 (cc0d30c2ca5..., userDataDir: C:\Users\PC\AppData\Local\T...}, goog:chromeOptions: {debuggerAddress: localhost:62101}, javascriptEnabled: true, networkConnectionEnabled: false, pageLoadStrategy: normal, platform: WINDOWS, platformName: WINDOWS, proxy: Proxy(), setWindowRect: true, strictFileInteractability: false, timeouts: {implicit: 0, pageLoad: 300000, script: 30000}, unhandledPromptBehavior: dismiss and notify, webauthn:extension:credBlob: true, webauthn:extension:largeBlob: true, webauthn:extension:minPinLength: true, webauthn:extension:prf: true, webauthn:virtualAuthenticators: true}
Session ID: ceb7cf1e012d4947c190e6fb0e0ba44a
at org.openqa.selenium.remote.http.W3CHttpResponseCodec.decode(W3CHttpResponseCodec.java:120)
at org.openqa.selenium.remote.http.W3CHttpResponseCodec.decode(W3CHttpResponseCodec.java:49)
at org.openqa.selenium.remote.HttpCommandExecutor.execute(HttpCommandExecutor.java:158)
at org.openqa.selenium.remote.service.DriverCommandExecutor.execute(DriverCommandExecutor.java:83)
at org.openqa.selenium.remote.RemoteWebDriver.execute(RemoteWebDriver.java:552)
at org.openqa.selenium.remote.RemoteWebDriver.execute(RemoteWebDriver.java:609)
at org.openqa.selenium.remote.RemoteWebDriver$RemoteNavigation.refresh(RemoteWebDriver.java:865)
at commons.BasePage.refreshBrowser(BasePage.java:57)
at com.newaccount.NewAccount.NC30_Email_is_Empty(NewAccount.java:335)
at java.base/jdk.internal.reflect.NativeMethodAccessorImpl.invoke0(Native Method)
at java.base/jdk.internal.reflect.NativeMethodAccessorImpl.invoke(NativeMethodAccessorImpl.java:62)
at java.base/jdk.internal.reflect.DelegatingMethodAccessorImpl.invoke(DelegatingMethodAccessorImpl.java:43)
at java.base/java.lang.reflect.Method.invoke(Method.java:566)
at org.testng.internal.invokers.MethodInvocationHelper.invokeMethod(MethodInvocationHelper.java:139)
at org.testng.internal.invokers.TestInvoker.invokeMethod(TestInvoker.java:664)
at org.testng.internal.invokers.TestInvoker.invokeTestMethod(TestInvoker.java:227)
at org.testng.internal.invokers.MethodRunner.runInSequence(MethodRunner.java:50)
at org.testng.internal.invokers.TestInvoker$MethodInvocationAgent.invoke(TestInvoker.java:957)
at org.testng.internal.invokers.TestInvoker.invokeTestMethods(TestInvoker.java:200)
at org.testng.internal.invokers.TestMethodWorker.invokeTestMethods(TestMethodWorker.java:148)
at org.testng.internal.invokers.TestMethodWorker.run(TestMethodWorker.java:128)
at java.base/java.util.ArrayList.forEach(ArrayList.java:1541)
at org.testng.TestRunner.privateRun(TestRunner.java:848)
at org.testng.TestRunner.run(TestRunner.java:621)
at org.testng.SuiteRunner.runTest(SuiteRunner.java:443)
at org.testng.SuiteRunner.runSequentially(SuiteRunner.java:437)
at org.testng.SuiteRunner.privateRun(SuiteRunner.java:397)
at org.testng.SuiteRunner.run(SuiteRunner.java:336)
at org.testng.SuiteRunnerWorker.runSuite(SuiteRunnerWorker.java:52)
at org.testng.SuiteRunnerWorker.run(SuiteRunnerWorker.java:95)
at org.testng.TestNG.runSuitesSequentially(TestNG.java:1280)
at org.testng.TestNG.runSuitesLocally(TestNG.java:1200)
at org.testng.TestNG.runSuites(TestNG.java:1114)
at org.testng.TestNG.run(TestNG.java:1082)
at org.testng.remote.AbstractRemoteTestNG.run(AbstractRemoteTestNG.java:115)
at org.testng.remote.RemoteTestNG.initAndRun(RemoteTestNG.java:251)
at org.testng.remote.RemoteTestNG.main(RemoteTestNG.java:77)
]]>
            </full-stacktrace>
          </exception> <!-- org.openqa.selenium.UnhandledAlertException -->
          <reporter-output>
            <line>
              <![CDATA[[2023-08-19 12:00:58,642] NC30 01: Click to Reset Button to clear all field
<br>]]>
            </line>
            <line>
              <![CDATA[[2023-08-19 12:00:58,724] NC30 02: Click to Submit Button
<br>]]>
            </line>
            <line>
              <![CDATA[[2023-08-19 12:00:58,793] NC30 03: Verify all field is required
<br>]]>
            </line>
            <line>
              <![CDATA[[2023-08-19 12:00:58,798] NC30 04: Refresh Page
<br>]]>
            </line>
          </reporter-output>
        </test-method> <!-- NC30_Email_is_Empty -->
        <test-method is-config="true" signature="afterClass()[pri:0, instance:com.newaccount.NewAccount@4eb1c69]" started-at="2023-08-19T12:00:58 ICT" name="afterClass" finished-at="2023-08-19T12:00:59 ICT" duration-ms="241" status="PASS">
          <reporter-output>
            <line>
              <![CDATA[[2023-08-19 12:00:58,813] OS name = windows 10
<br>]]>
            </line>
            <line>
              <![CDATA[[2023-08-19 12:00:58,813] Driver instance name = chromedriver: chrome on windows (ceb7cf1e012d4947c190e6fb0e0ba44a)
<br>]]>
            </line>
          </reporter-output>
        </test-method> <!-- afterClass -->
      </class> <!-- com.newaccount.NewAccount -->
    </test> <!-- Run on CHROME -->
  </suite> <!-- Run BankGuru 99 -->
</testng-results>
